2025-07-25 09:39:42
CONTAINER_NAME: mystic_river_concierge_del-local
PHPSESSID: bae3f8fdf984c08bc77beae9091894de
SESSION: Array
(
)

--------------------------
2025-07-25 09:40:00
CONTAINER_NAME: mystic_river_concierge_del-local
PHPSESSID: NÃO ENVIADO
SESSION: Array
(
)

--------------------------
2025-09-18 11:09:13
CONTAINER_NAME: mystic_river_concierge_ama-local
PHPSESSID: 3269cba039c571f0effe092c4d6be305
SESSION: Array
(
)

--------------------------
2025-09-18 16:40:11
CONTAINER_NAME: mystic_river_concierge_ama-local
PHPSESSID: c89629f0b6222a2d2d11ebfca86a6055
SESSION: Array
(
)

--------------------------
